
9월 20, 2023 21:50:40.977 NEW SESSION
9월 20, 2023 21:50:40.977 INFO: Created TensorFlow Lite XNNPACK delegate for CPU.

9월 21, 2023 16:07:36.291 NEW SESSION
9월 21, 2023 16:07:36.291 INFO: Created TensorFlow Lite XNNPACK delegate for CPU.
9월 21, 2023 16:10:31.886 INFO: Created TensorFlow Lite XNNPACK delegate for CPU.
9월 21, 2023 16:11:08.436 INFO: Created TensorFlow Lite XNNPACK delegate for CPU.
9월 21, 2023 16:32:44.183 INFO: Created TensorFlow Lite XNNPACK delegate for CPU.
9월 21, 2023 17:04:11.777 INFO: Created TensorFlow Lite XNNPACK delegate for CPU.
9월 21, 2023 17:13:27.424 INFO: Created TensorFlow Lite XNNPACK delegate for CPU.
9월 21, 2023 17:22:38.728 INFO: Created TensorFlow Lite XNNPACK delegate for CPU.

9월 21, 2023 21:38:33.924 NEW SESSION
9월 21, 2023 21:38:33.924 INFO: Created TensorFlow Lite XNNPACK delegate for CPU.

9월 22, 2023 15:59:09.429 NEW SESSION
9월 22, 2023 15:59:09.429 INFO: Created TensorFlow Lite XNNPACK delegate for CPU.
9월 22, 2023 17:00:49.481 INFO: Created TensorFlow Lite XNNPACK delegate for CPU.
9월 22, 2023 17:17:22.812 INFO: Created TensorFlow Lite XNNPACK delegate for CPU.
9월 22, 2023 17:17:47.747 INFO: Created TensorFlow Lite XNNPACK delegate for CPU.
9월 22, 2023 17:35:37.03 INFO: Created TensorFlow Lite XNNPACK delegate for CPU.
9월 22, 2023 18:09:10.385 INFO: Created TensorFlow Lite XNNPACK delegate for CPU.
9월 22, 2023 18:10:04.03 INFO: Created TensorFlow Lite XNNPACK delegate for CPU.
9월 22, 2023 19:43:47.240 INFO: Created TensorFlow Lite XNNPACK delegate for CPU.
9월 22, 2023 21:02:38.771 INFO: Created TensorFlow Lite XNNPACK delegate for CPU.
9월 22, 2023 21:26:22.873 [6464:1120:0922/212622.873:ERROR:interface_endpoint_client.cc(702)] Message 0 rejected by interface blink.mojom.WidgetHost

9월 23, 2023 21:56:02.569 NEW SESSION
9월 23, 2023 21:56:02.569 INFO: Created TensorFlow Lite XNNPACK delegate for CPU.
9월 23, 2023 23:28:17.918 INFO: Created TensorFlow Lite XNNPACK delegate for CPU.
9월 24, 2023 13:44:15.520 INFO: Created TensorFlow Lite XNNPACK delegate for CPU.
9월 24, 2023 14:06:18.10 INFO: Created TensorFlow Lite XNNPACK delegate for CPU.
9월 24, 2023 16:20:33.825 INFO: Created TensorFlow Lite XNNPACK delegate for CPU.
9월 24, 2023 17:41:35.232 INFO: Created TensorFlow Lite XNNPACK delegate for CPU.
9월 24, 2023 17:43:01.222 INFO: Created TensorFlow Lite XNNPACK delegate for CPU.
9월 24, 2023 19:25:14.324 INFO: Created TensorFlow Lite XNNPACK delegate for CPU.
9월 25, 2023 02:08:59.815 INFO: Created TensorFlow Lite XNNPACK delegate for CPU.
9월 25, 2023 02:31:22.375 INFO: Created TensorFlow Lite XNNPACK delegate for CPU.
9월 25, 2023 02:33:27.75 INFO: Created TensorFlow Lite XNNPACK delegate for CPU.
9월 25, 2023 02:36:33.537 INFO: Created TensorFlow Lite XNNPACK delegate for CPU.
9월 25, 2023 02:37:06.61 INFO: Created TensorFlow Lite XNNPACK delegate for CPU.
9월 25, 2023 02:38:49.658 INFO: Created TensorFlow Lite XNNPACK delegate for CPU.
9월 25, 2023 02:41:35.927 INFO: Created TensorFlow Lite XNNPACK delegate for CPU.
9월 25, 2023 02:43:02.983 INFO: Created TensorFlow Lite XNNPACK delegate for CPU.
9월 25, 2023 02:44:42.686 INFO: Created TensorFlow Lite XNNPACK delegate for CPU.
9월 25, 2023 02:45:51.627 INFO: Created TensorFlow Lite XNNPACK delegate for CPU.
9월 25, 2023 02:46:34.110 INFO: Created TensorFlow Lite XNNPACK delegate for CPU.

9월 25, 2023 15:48:38.736 NEW SESSION
9월 25, 2023 15:48:38.736 INFO: Created TensorFlow Lite XNNPACK delegate for CPU.
9월 25, 2023 15:52:52.671 INFO: Created TensorFlow Lite XNNPACK delegate for CPU.
9월 25, 2023 15:55:16.841 INFO: Created TensorFlow Lite XNNPACK delegate for CPU.
9월 25, 2023 15:57:57.90 INFO: Created TensorFlow Lite XNNPACK delegate for CPU.
9월 25, 2023 16:05:28.481 INFO: Created TensorFlow Lite XNNPACK delegate for CPU.
9월 25, 2023 16:06:18.931 INFO: Created TensorFlow Lite XNNPACK delegate for CPU.
9월 25, 2023 16:06:56.530 INFO: Created TensorFlow Lite XNNPACK delegate for CPU.
9월 25, 2023 16:07:40.555 INFO: Created TensorFlow Lite XNNPACK delegate for CPU.
9월 25, 2023 16:11:07.134 INFO: Created TensorFlow Lite XNNPACK delegate for CPU.
9월 25, 2023 18:17:36.312 INFO: Created TensorFlow Lite XNNPACK delegate for CPU.
9월 25, 2023 20:07:39.75 INFO: Created TensorFlow Lite XNNPACK delegate for CPU.
9월 25, 2023 20:23:32.575 INFO: Created TensorFlow Lite XNNPACK delegate for CPU.
9월 25, 2023 20:24:51.842 INFO: Created TensorFlow Lite XNNPACK delegate for CPU.
9월 25, 2023 20:42:10.266 INFO: Created TensorFlow Lite XNNPACK delegate for CPU.
9월 25, 2023 20:45:32.287 INFO: Created TensorFlow Lite XNNPACK delegate for CPU.
9월 25, 2023 20:47:04.107 INFO: Created TensorFlow Lite XNNPACK delegate for CPU.
9월 25, 2023 20:56:40.296 INFO: Created TensorFlow Lite XNNPACK delegate for CPU.

9월 26, 2023 24:43:17.709 NEW SESSION
9월 26, 2023 24:43:17.709 INFO: Created TensorFlow Lite XNNPACK delegate for CPU.
9월 26, 2023 24:45:32.249 INFO: Created TensorFlow Lite XNNPACK delegate for CPU.

9월 26, 2023 24:47:18.534 NEW SESSION
9월 26, 2023 24:47:18.534 INFO: Created TensorFlow Lite XNNPACK delegate for CPU.
9월 26, 2023 24:47:45.753 INFO: Created TensorFlow Lite XNNPACK delegate for CPU.
9월 26, 2023 24:50:41.543 INFO: Created TensorFlow Lite XNNPACK delegate for CPU.
9월 26, 2023 24:57:17.708 INFO: Created TensorFlow Lite XNNPACK delegate for CPU.
9월 26, 2023 01:01:23.664 INFO: Created TensorFlow Lite XNNPACK delegate for CPU.
9월 26, 2023 01:02:22.169 INFO: Created TensorFlow Lite XNNPACK delegate for CPU.
9월 26, 2023 01:03:13.328 INFO: Created TensorFlow Lite XNNPACK delegate for CPU.
9월 26, 2023 01:04:45.249 INFO: Created TensorFlow Lite XNNPACK delegate for CPU.
9월 26, 2023 01:05:10.370 INFO: Created TensorFlow Lite XNNPACK delegate for CPU.
9월 26, 2023 01:05:43.685 INFO: Created TensorFlow Lite XNNPACK delegate for CPU.
9월 26, 2023 01:19:11.184 INFO: Created TensorFlow Lite XNNPACK delegate for CPU.
9월 26, 2023 01:53:19.986 INFO: Created TensorFlow Lite XNNPACK delegate for CPU.
9월 26, 2023 01:55:20.773 INFO: Created TensorFlow Lite XNNPACK delegate for CPU.
9월 26, 2023 01:57:12.541 INFO: Created TensorFlow Lite XNNPACK delegate for CPU.
9월 26, 2023 02:00:49.189 INFO: Created TensorFlow Lite XNNPACK delegate for CPU.
9월 26, 2023 02:04:35.711 [7552:10248:0926/020435.711:ERROR:sharing_service.cc(250)] Device un-registration failed with fatal error
9월 26, 2023 02:04:44.661 INFO: Created TensorFlow Lite XNNPACK delegate for CPU.
9월 26, 2023 02:05:39.524 INFO: Created TensorFlow Lite XNNPACK delegate for CPU.
9월 26, 2023 02:07:34.903 INFO: Created TensorFlow Lite XNNPACK delegate for CPU.
9월 26, 2023 02:12:54.278 INFO: Created TensorFlow Lite XNNPACK delegate for CPU.
9월 26, 2023 02:18:59.532 INFO: Created TensorFlow Lite XNNPACK delegate for CPU.
9월 26, 2023 02:19:43.793 INFO: Created TensorFlow Lite XNNPACK delegate for CPU.
9월 26, 2023 02:20:42.262 INFO: Created TensorFlow Lite XNNPACK delegate for CPU.
9월 26, 2023 02:21:16.289 INFO: Created TensorFlow Lite XNNPACK delegate for CPU.
9월 26, 2023 02:21:25.136 INFO: Created TensorFlow Lite XNNPACK delegate for CPU.
9월 26, 2023 02:21:45.198 INFO: Created TensorFlow Lite XNNPACK delegate for CPU.
9월 26, 2023 02:22:02.481 INFO: Created TensorFlow Lite XNNPACK delegate for CPU.
9월 26, 2023 02:50:22.977 INFO: Created TensorFlow Lite XNNPACK delegate for CPU.
9월 26, 2023 02:50:49.113 INFO: Created TensorFlow Lite XNNPACK delegate for CPU.
9월 26, 2023 02:51:19.316 INFO: Created TensorFlow Lite XNNPACK delegate for CPU.
9월 26, 2023 03:14:24.835 INFO: Created TensorFlow Lite XNNPACK delegate for CPU.
9월 26, 2023 03:16:46.116 [5512:9964:0926/031646.116:ERROR:sharing_service.cc(250)] Device un-registration failed with fatal error
9월 26, 2023 03:16:56.890 INFO: Created TensorFlow Lite XNNPACK delegate for CPU.
9월 26, 2023 03:25:09.213 [8908:1768:0926/032509.213:ERROR:device_event_log_impl.cc(225)] [03:25:09.213] Bluetooth: bluetooth_adapter_winrt.cc:1058 Getting Default Adapter failed.
9월 26, 2023 03:29:52.288 [8908:1768:0926/032952.288:ERROR:sharing_service.cc(250)] Device un-registration failed with fatal error
9월 26, 2023 03:30:03.420 INFO: Created TensorFlow Lite XNNPACK delegate for CPU.
9월 26, 2023 03:30:35.620 INFO: Created TensorFlow Lite XNNPACK delegate for CPU.
9월 26, 2023 03:46:01.968 INFO: Created TensorFlow Lite XNNPACK delegate for CPU.
9월 26, 2023 03:53:38.19 [10212:3824:0926/035338.019:ERROR:device_event_log_impl.cc(225)] [03:53:38.019] Bluetooth: bluetooth_adapter_winrt.cc:1058 Getting Default Adapter failed.
9월 26, 2023 04:23:17.283 INFO: Created TensorFlow Lite XNNPACK delegate for CPU.
